[2024-03-05 16:22:37,606][HYDRA] 	#1 : seed=1 agents=bc_agent agent_name=bc window_size=1 group=avoiding_bc_seeds
[2024-03-05 16:22:37,710][HYDRA] 	#2 : seed=2 agents=bc_agent agent_name=bc window_size=1 group=avoiding_bc_seeds
[2024-03-05 16:22:37,805][HYDRA] 	#3 : seed=3 agents=bc_agent agent_name=bc window_size=1 group=avoiding_bc_seeds
[2024-03-05 16:22:37,898][HYDRA] 	#4 : seed=4 agents=bc_agent agent_name=bc window_size=1 group=avoiding_bc_seeds
[2024-03-05 16:22:37,992][HYDRA] 	#5 : seed=5 agents=bc_agent agent_name=bc window_size=1 group=avoiding_bc_seeds
/home/david/miniconda3/envs/d3il/lib/python3.10/site-packages/hydra/_internal/defaults_list.py:251: UserWarning: In 'avoiding_config': Defaults list is missing `_self_`. See https://hydra.cc/docs/upgrades/1.0_to_1.1/default_composition_order for more information
  warnings.warn(msg, UserWarning)
Error executing job with overrides: ['seed=0', 'agents=bc_agent', 'agent_name=bc', 'window_size=1', 'group=avoiding_bc_seeds']
An error occurred during Hydra's exception formatting:
TypeError("print_exception() got an unexpected keyword argument 'etype'")
Traceback (most recent call last):
  File "/home/david/miniconda3/envs/d3il/lib/python3.10/site-packages/hydra/_internal/utils.py", line 585, in _locate
    import_module(mod)
  File "/home/david/miniconda3/envs/d3il/lib/python3.10/importlib/__init__.py", line 126, in import_module
    return _bootstrap._gcd_import(name[level:], package, level)
  File "<frozen importlib._bootstrap>", line 1050, in _gcd_import
  File "<frozen importlib._bootstrap>", line 1027, in _find_and_load
  File "<frozen importlib._bootstrap>", line 1001, in _find_and_load_unlocked
ModuleNotFoundError: No module named 'agents.bc_agent.BCAgent'; 'agents.bc_agent' is not a package
The above exception was the direct cause of the following exception:
Traceback (most recent call last):
  File "/home/david/CoRL_benchmark/code_refine/d3il/run.py", line 70, in <module>
    main()
  File "/home/david/miniconda3/envs/d3il/lib/python3.10/site-packages/hydra/main.py", line 48, in decorated_main
    _run_hydra(
  File "/home/david/miniconda3/envs/d3il/lib/python3.10/site-packages/hydra/_internal/utils.py", line 385, in _run_hydra
    run_and_report(
  File "/home/david/miniconda3/envs/d3il/lib/python3.10/site-packages/hydra/_internal/utils.py", line 294, in run_and_report
    raise ex
  File "/home/david/miniconda3/envs/d3il/lib/python3.10/site-packages/hydra/_internal/utils.py", line 211, in run_and_report
    return func()
  File "/home/david/miniconda3/envs/d3il/lib/python3.10/site-packages/hydra/_internal/utils.py", line 386, in <lambda>
    lambda: hydra.multirun(
  File "/home/david/miniconda3/envs/d3il/lib/python3.10/site-packages/hydra/_internal/hydra.py", line 140, in multirun
    ret = sweeper.sweep(arguments=task_overrides)
  File "/home/david/miniconda3/envs/d3il/lib/python3.10/site-packages/hydra/_internal/core_plugins/basic_sweeper.py", line 161, in sweep
    _ = r.return_value
  File "/home/david/miniconda3/envs/d3il/lib/python3.10/site-packages/hydra/core/utils.py", line 233, in return_value
    raise self._return_value
  File "/home/david/miniconda3/envs/d3il/lib/python3.10/site-packages/hydra/core/utils.py", line 160, in run_job
    ret.return_value = task_function(task_cfg)
  File "/home/david/CoRL_benchmark/code_refine/d3il/run.py", line 53, in main
    agent = hydra.utils.instantiate(cfg.agents)
  File "/home/david/miniconda3/envs/d3il/lib/python3.10/site-packages/hydra/_internal/instantiate/_instantiate2.py", line 180, in instantiate
    return instantiate_node(config, *args, recursive=_recursive_, convert=_convert_)
  File "/home/david/miniconda3/envs/d3il/lib/python3.10/site-packages/hydra/_internal/instantiate/_instantiate2.py", line 240, in instantiate_node
    _target_ = _resolve_target(node.get(_Keys.TARGET))
  File "/home/david/miniconda3/envs/d3il/lib/python3.10/site-packages/hydra/_internal/instantiate/_instantiate2.py", line 104, in _resolve_target
    return _locate(target)
  File "/home/david/miniconda3/envs/d3il/lib/python3.10/site-packages/hydra/_internal/utils.py", line 587, in _locate
    raise ImportError(
ImportError: Encountered error: `No module named 'agents.bc_agent.BCAgent'; 'agents.bc_agent' is not a package` when loading module 'agents.bc_agent.BCAgent'